<?xml version="1.0" encoding="UTF-8"?>
<!-- Generated by org.testng.reporters.JUnitReportReporter -->
<testsuite hostname="MacBookAir.lan" failures="0" tests="6" name="tests.LoginTest" time="14.498" errors="0" timestamp="2026-04-17T09:47:52 IST" skipped="0">
  <testcase classname="tests.LoginTest" name="testInvalidLogin" time="2.187"/>
  <testcase classname="tests.LoginTest" name="testEmptyUsernameField" time="1.785"/>
  <testcase classname="tests.LoginTest" name="testLogout" time="3.055"/>
  <testcase classname="tests.LoginTest" name="testValidLogin" time="2.115"/>
  <testcase classname="tests.LoginTest" name="testLockedOutUser" time="3.068"/>
  <testcase classname="tests.LoginTest" name="testEmptyPasswordField" time="2.288"/>
</testsuite> <!-- tests.LoginTest -->
